<?xml version="1.0" encoding="UTF-8"?>
<testng-results ignored="0" total="3" passed="3" failed="0" skipped="0">
  <reporter-output>
  </reporter-output>
  <suite started-at="2024-10-29T22:04:25 CDT" name="Default suite" finished-at="2024-10-29T22:04:45 CDT" duration-ms="19498">
    <groups>
      <group name="cucumber">
        <method signature="AbstractTestNGCucumberTests.runScenario(io.cucumber.testng.PickleWrapper,io.cucumber.testng.FeatureWrapper)[pri:0, instance:Runner.TestRunnerTestNG@3bd82cf5]" name="runScenario" class="io.cucumber.testng.AbstractTestNGCucumberTests"/>
      </group> <!-- cucumber -->
    </groups>
    <test started-at="2024-10-29T22:04:25 CDT" name="Default test" finished-at="2024-10-29T22:04:45 CDT" duration-ms="19498">
      <class name="Runner.TestRunnerTestNG">
        <test-method is-config="true" signature="setUpClass(org.testng.ITestContext)[pri:0, instance:Runner.TestRunnerTestNG@3bd82cf5]" started-at="2024-10-29T22:04:25 CDT" name="setUpClass" finished-at="2024-10-29T22:04:25 CDT" duration-ms="133" status="PASS">
          <params>
            <param index="0">
              <value>
                <![CDATA[org.testng.TestRunner@12abdfb]]>
              </value>
            </param>
          </params>
          <reporter-output>
          </reporter-output>
        </test-method> <!-- setUpClass -->
        <test-method signature="runScenario(io.cucumber.testng.PickleWrapper,io.cucumber.testng.FeatureWrapper)[pri:0, instance:Runner.TestRunnerTestNG@3bd82cf5]" started-at="2024-10-29T22:04:25 CDT" name="runScenario" description="Runs Cucumber Scenarios" data-provider="scenarios" finished-at="2024-10-29T22:04:37 CDT" duration-ms="12172" status="PASS">
          <params>
            <param index="0">
              <value>
                <![CDATA["login"]]>
              </value>
            </param>
            <param index="1">
              <value>
                <![CDATA["datadriven Login"]]>
              </value>
            </param>
          </params>
          <reporter-output>
          </reporter-output>
        </test-method> <!-- runScenario -->
        <test-method signature="runScenario(io.cucumber.testng.PickleWrapper,io.cucumber.testng.FeatureWrapper)[pri:0, instance:Runner.TestRunnerTestNG@3bd82cf5]" started-at="2024-10-29T22:04:37 CDT" name="runScenario" description="Runs Cucumber Scenarios" data-provider="scenarios" finished-at="2024-10-29T22:04:41 CDT" duration-ms="3431" status="PASS">
          <params>
            <param index="0">
              <value>
                <![CDATA["login"]]>
              </value>
            </param>
            <param index="1">
              <value>
                <![CDATA["datadriven Login"]]>
              </value>
            </param>
          </params>
          <reporter-output>
          </reporter-output>
        </test-method> <!-- runScenario -->
        <test-method signature="runScenario(io.cucumber.testng.PickleWrapper,io.cucumber.testng.FeatureWrapper)[pri:0, instance:Runner.TestRunnerTestNG@3bd82cf5]" started-at="2024-10-29T22:04:41 CDT" name="runScenario" description="Runs Cucumber Scenarios" data-provider="scenarios" finished-at="2024-10-29T22:04:45 CDT" duration-ms="3570" status="PASS">
          <params>
            <param index="0">
              <value>
                <![CDATA["login"]]>
              </value>
            </param>
            <param index="1">
              <value>
                <![CDATA["datadriven Login"]]>
              </value>
            </param>
          </params>
          <reporter-output>
          </reporter-output>
        </test-method> <!-- runScenario -->
        <test-method is-config="true" signature="tearDownClass()[pri:0, instance:Runner.TestRunnerTestNG@3bd82cf5]" started-at="2024-10-29T22:04:45 CDT" name="tearDownClass" finished-at="2024-10-29T22:04:45 CDT" duration-ms="164" status="PASS">
          <reporter-output>
          </reporter-output>
        </test-method> <!-- tearDownClass -->
      </class> <!-- Runner.TestRunnerTestNG -->
    </test> <!-- Default test -->
  </suite> <!-- Default suite -->
</testng-results>
